Arguments: 
  /opt/homebrew/Cellar/node/16.9.1/bin/node /opt/homebrew/Cellar/yarn/1.22.11/libexec/bin/yarn.js init

PATH: 
  /opt/homebrew/bin:/opt/homebrew/sbin:/Users/hiroki.kobayashi/development/medpeer/medpeer-toolbox/bin:/Users/seabaya/.rbenv/shims:/Users/seabaya/.rbenv/bin:/Users/seabaya/.nodebrew/current/bin:/Users/seabaya/Library/Python/2.7/bin:/Library/Frameworks/Python.framework/Versions/3.8/bin:/opt/homebrew/bin:/opt/homebrew/sbin:/Users/hiroki.kobayashi/development/medpeer/medpeer-toolbox/bin:/Users/seabaya/.rbenv/bin:/Users/seabaya/.nodebrew/current/bin:/Users/seabaya/Library/Python/2.7/bin:/Library/Frameworks/Python.framework/Versions/3.8/bin:/usr/local/bin:/usr/bin:/bin:/usr/sbin:/sbin:/Library/Apple/usr/bin

Yarn version: 
  1.22.11

Node version: 
  16.9.1

Platform: 
  darwin arm64

Trace: 
  Error: canceled
      at Interface.<anonymous> (/opt/homebrew/Cellar/yarn/1.22.11/libexec/lib/cli.js:137023:13)
      at Interface.emit (node:events:394:28)
      at Interface._ttyWrite (node:readline:1081:16)
      at ReadStream.onkeypress (node:readline:288:10)
      at ReadStream.emit (node:events:394:28)
      at emitKeys (node:internal/readline/utils:358:14)
      at emitKeys.next (<anonymous>)
      at ReadStream.onData (node:internal/readline/emitKeypressEvents:61:36)
      at ReadStream.emit (node:events:394:28)
      at addChunk (node:internal/streams/readable:315:12)

npm manifest: 
  No manifest

yarn manifest: 
  No manifest

Lockfile: 
  No lockfile
